<?xml version="1.0" encoding="UTF-8"?>
<!-- Generated by org.testng.reporters.JUnitXMLReporter -->
<testsuite ignored="0" hostname="CHANDAN" failures="1" tests="1" name="Testopencartchrome" time="7.339" errors="0" timestamp="2023-03-03T13:35:11 IST">
  <testcase classname="testCases.TC_001_AccountRegistrationTest" name="testaccresgitration" time="2.529">
    <failure type="java.lang.AssertionError" message="null">
      <![CDATA[java.lang.AssertionError: null
at testCases.TC_001_AccountRegistrationTest.testaccresgitration(TC_001_AccountRegistrationTest.java:42)
at java.base/java.util.ArrayList.forEach(ArrayList.java:1511)
... Removed 33 stack frames]]>
    </failure>
  </testcase> <!-- testaccresgitration -->
</testsuite> <!-- Testopencartchrome -->
