<?xml version="1.0" encoding="UTF-8"?>
<!-- Generated by org.testng.reporters.JUnitXMLReporter -->
<testsuite ignored="0" hostname="CHANDAN" failures="1" tests="1" name="Testopencart" time="10.411" errors="0" timestamp="2023-03-02T02:18:09 IST">
  <testcase classname="testCases.TC_001_AccountRegistrationTest" name="testaccresgitration" time="3.051">
    <failure type="java.lang.AssertionError" message="null">
      <![CDATA[java.lang.AssertionError: null
at testCases.TC_001_AccountRegistrationTest.testaccresgitration(TC_001_AccountRegistrationTest.java:42)
at java.base/java.util.ArrayList.forEach(ArrayList.java:1511)
... Removed 29 stack frames]]>
    </failure>
  </testcase> <!-- testaccresgitration -->
</testsuite> <!-- Testopencart -->
